05.07.2024 12:32:55 Начало работы модуля
05.07.2024 12:33:07 Ошибка создания заказа по строке 11716841Ошибка при преобразовании типа данных nvarchar к numeric
05.07.2024 12:33:07 Загружен файл D:\__SWITCH\Flows\SI2\Hotfolders\Outgoing\AsystemJsonImport\TCS\18277-28107-q1-tTCS_LSTG_700X500-JSN.json
05.07.2024 12:33:12 Завершение работы модуля
05.07.2024 12:33:58 Начало работы модуля
05.07.2024 12:34:09 Ошибка создания заказа по строке 11716905Ошибка при преобразовании типа данных nvarchar к numeric
05.07.2024 12:34:09 Загружен файл D:\__SWITCH\Flows\SI2\Hotfolders\Outgoing\AsystemJsonImport\TCS\18277-28107-q1-tTCS_LSTG_700X500-JSN.json
05.07.2024 12:34:14 Завершение работы модуля
05.07.2024 14:16:35 Начало работы модуля
05.07.2024 14:17:06 Ошибка создания заказа по строке 11717505Конфликт инструкции UPDATE с ограничением CHECK "constr_order_technology_op_temp__equip_org_ul". Конфликт произошел в базе данных "asystem", таблица "dbo.order_technology_op_temp"
05.07.2024 14:17:06 Загружен файл D:\__SWITCH\Flows\SI2\Hotfolders\Outgoing\AsystemJsonImport\TCS\18277-28107-q1-tTCS_LSTG_700X500-JSN.json
05.07.2024 14:17:11 Завершение работы модуля
05.07.2024 14:49:44 Начало работы модуля
05.07.2024 14:50:13 По файлу 11717604 создан заказ 11717618
05.07.2024 14:50:13 Загружен файл D:\__SWITCH\Flows\SI2\Hotfolders\Outgoing\AsystemJsonImport\TCS\18277-28107-q1-tTCS_LSTG_700X500-JSN.json
05.07.2024 14:50:18 Завершение работы модуля
05.07.2024 15:06:15 Начало работы модуля
05.07.2024 15:06:15Запущен другой модуль загрузки. Завершение работы модуля
05.07.2024 15:08:12 Начало работы модуля
05.07.2024 15:08:41 По файлу 11717832 создан заказ 11717846
05.07.2024 15:08:41 Загружен файл D:\__SWITCH\Flows\SI2\Hotfolders\Outgoing\AsystemJsonImport\TCS\18277-28107-q1-tTCS_LSTG_700X500-JSN.json
05.07.2024 15:09:14 По файлу 11717894 создан заказ 11717908
05.07.2024 15:09:14 Загружен файл D:\__SWITCH\Flows\SI2\Hotfolders\Outgoing\AsystemJsonImport\TCS\18277-28108-q1-tTCS_LSTG_700X500-JSN.json
05.07.2024 15:09:19 Завершение работы модуля
08.07.2024 10:51:24 Начало работы модуля
08.07.2024 10:51:56 По файлу 11721424 создан заказ 11721438
08.07.2024 10:51:56 Загружен файл D:\__SWITCH\Flows\SI2\Hotfolders\Outgoing\AsystemJsonImport\TCS\18400-28264-q1-tTCS_LSTG_700X500-JSN.json
08.07.2024 10:52:01 Завершение работы модуля
08.07.2024 11:08:58 Начало работы модуля
08.07.2024 11:08:58Запущен другой модуль загрузки. Завершение работы модуля
08.07.2024 11:10:33 Начало работы модуля
08.07.2024 11:10:58 По файлу 11721478 создан заказ 11721492
08.07.2024 11:10:58 Загружен файл D:\__SWITCH\Flows\SI2\Hotfolders\Outgoing\AsystemJsonImport\TCS\18400-28264-q1-tTCS_LSTG_700X500-JSN.json
08.07.2024 11:11:03 Завершение работы модуля
08.07.2024 11:32:03 Начало работы модуля
08.07.2024 11:32:28 По файлу 11721532 создан заказ 11721546
08.07.2024 11:32:28 Загружен файл D:\__SWITCH\Flows\SI2\Hotfolders\Outgoing\AsystemJsonImport\TCS\18400-28264-q1-tTCS_LSTG_700X500-JSN.json
08.07.2024 11:32:33 Завершение работы модуля
08.07.2024 12:17:43 Начало работы модуля
08.07.2024 12:18:15 По файлу 11721586 создан заказ 11721600
08.07.2024 12:18:15 Загружен файл D:\__SWITCH\Flows\SI2\Hotfolders\Outgoing\AsystemJsonImport\TCS\18400-28264-q1-tTCS_LSTG_700X500-JSN.json
08.07.2024 12:18:20 Завершение работы модуля
08.07.2024 12:30:55 Начало работы модуля
08.07.2024 12:31:20 По файлу 11721640 создан заказ 11721654
08.07.2024 12:31:20 Загружен файл D:\__SWITCH\Flows\SI2\Hotfolders\Outgoing\AsystemJsonImport\TCS\18400-28264-q1-tTCS_LSTG_700X500-JSN.json
08.07.2024 12:31:25 Завершение работы модуля
08.07.2024 12:44:53 Начало работы модуля
08.07.2024 12:45:17 По файлу 11721694 создан заказ 11721708
08.07.2024 12:45:17 Загружен файл D:\__SWITCH\Flows\SI2\Hotfolders\Outgoing\AsystemJsonImport\TCS\18400-28264-q1-tTCS_LSTG_700X500-JSN.json
08.07.2024 12:45:22 Завершение работы модуля
08.07.2024 14:55:04 Начало работы модуля
08.07.2024 14:55:09 По файлу 11722561 создание заказа невозможно: уже существует заказ с таким номером заказа TCS
08.07.2024 14:55:09 Загружен файл D:\__SWITCH\Flows\SI2\Hotfolders\Outgoing\AsystemJsonImport\TCS\18400-28264-q1-tTCS_LSTG_700X500-JSN.json
08.07.2024 14:55:14 Завершение работы модуля
08.07.2024 15:00:28 Начало работы модуля
08.07.2024 15:00:33 По файлу 11722615 создание заказа невозможно: уже существует заказ с таким номером заказа TCS
08.07.2024 15:00:33 Загружен файл D:\__SWITCH\Flows\SI2\Hotfolders\Outgoing\AsystemJsonImport\TCS\18400-28264-q1-tTCS_LSTG_700X500-JSN.json
08.07.2024 15:00:38 Завершение работы модуля
08.07.2024 15:01:44 Начало работы модуля
08.07.2024 15:01:44 Завершение работы модуля
08.07.2024 15:01:51 Начало работы модуля
08.07.2024 15:02:16 По файлу 11722669 создан заказ 11722683
08.07.2024 15:02:16 Загружен файл D:\__SWITCH\Flows\SI2\Hotfolders\Outgoing\AsystemJsonImport\TCS\18400-28264-q1-tTCS_LSTG_700X500-JSN.json
08.07.2024 15:02:21 Завершение работы модуля
08.07.2024 15:29:25 Начало работы модуля
08.07.2024 15:29:25Запущен другой модуль загрузки. Завершение работы модуля
08.07.2024 15:29:43 Начало работы модуля
08.07.2024 15:29:43Запущен другой модуль загрузки. Завершение работы модуля
08.07.2024 15:30:01 Начало работы модуля
08.07.2024 15:30:26 По файлу 11722949 создан заказ 11722963
08.07.2024 15:30:26 Загружен файл D:\__SWITCH\Flows\SI2\Hotfolders\Outgoing\AsystemJsonImport\TCS\18400-28264-q1-tTCS_LSTG_700X500-JSN.json
08.07.2024 15:30:31 Завершение работы модуля
10.07.2024 11:31:04 Начало работы модуля
10.07.2024 11:31:42 По файлу 11726915 создан заказ 11726929
10.07.2024 11:31:42 Загружен файл D:\__SWITCH\Flows\SI2\Hotfolders\Outgoing\AsystemJsonImport\TCS\18438-28306-q1-tTCS_LSTG_710X510-JSN.json
10.07.2024 11:31:47 Завершение работы модуля
10.07.2024 12:40:29 Начало работы модуля
10.07.2024 12:41:01 По файлу 11726974 создан заказ 11726988
10.07.2024 12:41:01 Загружен файл D:\__SWITCH\Flows\SI2\Hotfolders\Outgoing\AsystemJsonImport\TCS\18440-28308-q1-tTCS_LSTG_710X510-JSN.json
10.07.2024 12:41:06 Завершение работы модуля
10.07.2024 13:01:26 Начало работы модуля
10.07.2024 13:01:26Запущен другой модуль загрузки. Завершение работы модуля
10.07.2024 13:01:46 Начало работы модуля
10.07.2024 13:01:46Запущен другой модуль загрузки. Завершение работы модуля
10.07.2024 13:01:53 Начало работы модуля
10.07.2024 13:01:53Запущен другой модуль загрузки. Завершение работы модуля
10.07.2024 13:02:04 Начало работы модуля
10.07.2024 13:02:04Запущен другой модуль загрузки. Завершение работы модуля
10.07.2024 13:02:24 Начало работы модуля
10.07.2024 13:02:50 По файлу 11727327 создан заказ 11727341
10.07.2024 13:02:50 Загружен файл D:\__SWITCH\Flows\SI2\Hotfolders\Outgoing\AsystemJsonImport\TCS\18443-28311-q1-tTCS_LSTG_710X510-JSN.json
10.07.2024 13:02:55 Завершение работы модуля
10.07.2024 13:59:11 Начало работы модуля
10.07.2024 13:59:38 По файлу 11727497 создан заказ 11727511
10.07.2024 13:59:38 Загружен файл D:\__SWITCH\Flows\SI2\Hotfolders\Outgoing\AsystemJsonImport\TCS\18445-28313-q1-tTCS_LSTG_710X510-JSN.json
10.07.2024 13:59:43 Завершение работы модуля
22.07.2024 8:51:29 Начало работы модуля
22.07.2024 8:52:12 По файлу 11777046 создан заказ 11777060
22.07.2024 8:52:12 Загружен файл D:\__SWITCH\Flows\SI2\Hotfolders\Outgoing\AsystemJsonImport\TCS\18685-28698-q1-tTCS_LSTG_710X510-JSN.json
22.07.2024 8:52:17 Завершение работы модуля
22.07.2024 10:39:14 Начало работы модуля
22.07.2024 10:39:41 По файлу 11777106 создан заказ 11777120
22.07.2024 10:39:41 Загружен файл D:\__SWITCH\Flows\SI2\Hotfolders\Outgoing\AsystemJsonImport\TCS\18684-28697-q1-tTCS_LSTG_460X317-JSN.json
22.07.2024 10:39:46 Завершение работы модуля
24.07.2024 13:04:28 Начало работы модуля
24.07.2024 13:04:56 По файлу 11783843 создан заказ 11783857
24.07.2024 13:04:56 Загружен файл D:\__SWITCH\Flows\SI2\Hotfolders\Outgoing\AsystemJsonImport\TCS\18741-28765-q1-tTCS_LSTG_710X510-JSN.json
24.07.2024 13:05:01 Завершение работы модуля
19.09.2024 14:33:41 Начало работы модуля
19.09.2024 14:34:12 По файлу 11996405 создан заказ 11996419
19.09.2024 14:34:12 Загружен файл D:\__SWITCH\Flows\SI2\Hotfolders\Outgoing\AsystemJsonImport\TCS\19960-30376-q1-tTCS_LSTG_710X510-JSN.json
19.09.2024 14:34:17 Завершение работы модуля
19.09.2024 17:13:55 Начало работы модуля
19.09.2024 17:14:32 По файлу 11996878 создан заказ 11996892
19.09.2024 17:14:32 Загружен файл D:\__SWITCH\Flows\SI2\Hotfolders\Outgoing\AsystemJsonImport\TCS\19960-30376-q1-tTCS_LSTG_710X510-JSN.json
19.09.2024 17:14:37 Завершение работы модуля
19.09.2024 17:18:55 Начало работы модуля
19.09.2024 17:19:17 Ошибка создания заказа по строке 11996955Транзакция (идентификатор процесса 57) вызвала взаимоблокировку ресурсов блокировка с другим процессом и стала жертвой взаимоблокировки. Запустите транзакцию повторно
19.09.2024 17:19:17 Загружен файл D:\__SWITCH\Flows\SI2\Hotfolders\Outgoing\AsystemJsonImport\TCS\19960-30376-q1-tTCS_LSTG_710X510-JSN.json
19.09.2024 17:19:22 Завершение работы модуля
19.09.2024 17:23:55 Начало работы модуля
19.09.2024 17:24:25 По файлу 11997004 создан заказ 11997018
19.09.2024 17:24:25 Загружен файл D:\__SWITCH\Flows\SI2\Hotfolders\Outgoing\AsystemJsonImport\TCS\19960-30376-q1-tTCS_LSTG_710X510-JSN.json
19.09.2024 17:24:30 Завершение работы модуля
27.09.2024 18:06:29 Начало работы модуля
27.09.2024 18:07:02 По файлу 12024492 создан заказ 12024506
27.09.2024 18:07:02 Загружен файл D:\__SWITCH\Flows\SI2\Hotfolders\Outgoing\AsystemJsonImport\TCS\20167-30645-q1-tTCS_LSTG_482X330-JSN.json
27.09.2024 18:07:07 Завершение работы модуля
03.10.2024 12:31:26 Начало работы модуля
03.10.2024 12:31:56 По файлу 12047368 создан заказ 12047383
03.10.2024 12:31:56 Загружен файл D:\__SWITCH\Flows\SI2\Hotfolders\Outgoing\AsystemJsonImport\TCS\548867-342635-q1-tFSP_LSTG-JSN.json
03.10.2024 12:32:01 Завершение работы модуля
04.10.2024 16:11:09 Начало работы модуля
04.10.2024 16:11:15 По файлу 12056137 создание заказа невозможно: не найден шаблон
04.10.2024 16:11:15 Загружен файл D:\__SWITCH\Flows\SI2\Hotfolders\Outgoing\AsystemJsonImport\TCS\548867-342635-q1-tFSP_LST-JSN.json
04.10.2024 16:11:20 Завершение работы модуля
04.10.2024 16:21:10 Начало работы модуля
04.10.2024 16:21:39 По файлу 12056246 создан заказ 12056261
04.10.2024 16:21:39 Загружен файл D:\__SWITCH\Flows\SI2\Hotfolders\Outgoing\AsystemJsonImport\TCS\548867-342635-q1-tFSP_LST-JSN.json
04.10.2024 16:21:44 Завершение работы модуля
04.10.2024 16:41:11 Начало работы модуля
04.10.2024 16:41:37 По файлу 12056300 создан заказ 12056315
04.10.2024 16:41:37 Загружен файл D:\__SWITCH\Flows\SI2\Hotfolders\Outgoing\AsystemJsonImport\TCS\548867-342635-q1-tFSP_LST-JSN.json
04.10.2024 16:41:42 Завершение работы модуля
09.10.2024 12:30:35 Начало работы модуля
09.10.2024 12:31:09 По файлу 12070831 создан заказ 12070846
09.10.2024 12:31:09 Загружен файл D:\__SWITCH\Flows\SI2\Hotfolders\Outgoing\AsystemJsonImport\TCS\20459-31068-q1-tTCS_LSTG_720X520-JSN.json
09.10.2024 12:31:14 Завершение работы модуля
02.11.2024 15:36:53 Начало работы модуля
02.11.2024 15:37:24 По файлу 12164584 создан заказ 12164599
02.11.2024 15:37:24 Загружен файл D:\__SWITCH\Flows\SI2\Hotfolders\Outgoing\AsystemJsonImport\TCS\557315-347918-q1-tFSP_LST-JSN.json
02.11.2024 15:37:55 По файлу 12164638 создан заказ 12164653
02.11.2024 15:37:55 Загружен файл D:\__SWITCH\Flows\SI2\Hotfolders\Outgoing\AsystemJsonImport\TCS\557316-347918-q1-tFSP_LST-JSN.json
02.11.2024 15:38:27 По файлу 12164692 создан заказ 12164707
02.11.2024 15:38:27 Загружен файл D:\__SWITCH\Flows\SI2\Hotfolders\Outgoing\AsystemJsonImport\TCS\557317-347918-q1-tFSP_LST-JSN.json
02.11.2024 15:38:58 По файлу 12164746 создан заказ 12164761
02.11.2024 15:38:58 Загружен файл D:\__SWITCH\Flows\SI2\Hotfolders\Outgoing\AsystemJsonImport\TCS\557318-347918-q1-tFSP_LST-JSN.json
02.11.2024 15:39:30 По файлу 12164800 создан заказ 12164815
02.11.2024 15:39:30 Загружен файл D:\__SWITCH\Flows\SI2\Hotfolders\Outgoing\AsystemJsonImport\TCS\557319-347918-q1-tFSP_LST-JSN.json
02.11.2024 15:39:35 Завершение работы модуля
02.11.2024 16:11:56 Начало работы модуля
02.11.2024 16:12:23 По файлу 12164985 создан заказ 12165000
02.11.2024 16:12:23 Загружен файл D:\__SWITCH\Flows\SI2\Hotfolders\Outgoing\AsystemJsonImport\TCS\557315-347918-q1-tFSP_LST-JSN.json
02.11.2024 16:12:59 По файлу 12165039 создан заказ 12165054
02.11.2024 16:12:59 Загружен файл D:\__SWITCH\Flows\SI2\Hotfolders\Outgoing\AsystemJsonImport\TCS\557316-347918-q1-tFSP_LST-JSN.json
02.11.2024 16:13:30 По файлу 12165093 создан заказ 12165108
02.11.2024 16:13:30 Загружен файл D:\__SWITCH\Flows\SI2\Hotfolders\Outgoing\AsystemJsonImport\TCS\557317-347918-q1-tFSP_LST-JSN.json
02.11.2024 16:14:01 По файлу 12165147 создан заказ 12165162
02.11.2024 16:14:01 Загружен файл D:\__SWITCH\Flows\SI2\Hotfolders\Outgoing\AsystemJsonImport\TCS\557318-347918-q1-tFSP_LST-JSN.json
02.11.2024 16:14:33 По файлу 12165201 создан заказ 12165216
02.11.2024 16:14:33 Загружен файл D:\__SWITCH\Flows\SI2\Hotfolders\Outgoing\AsystemJsonImport\TCS\557319-347918-q1-tFSP_LST-JSN.json
02.11.2024 16:14:38 Завершение работы модуля
02.11.2024 17:19:31 Начало работы модуля
02.11.2024 17:20:09 По файлу 12165255 создан заказ 12165270
02.11.2024 17:20:09 Загружен файл D:\__SWITCH\Flows\SI2\Hotfolders\Outgoing\AsystemJsonImport\TCS\557318-347918-q1-tFSP_LST-JSN.json
02.11.2024 17:20:14 Завершение работы модуля
02.11.2024 17:24:31 Начало работы модуля
02.11.2024 17:24:58 По файлу 12165315 создан заказ 12165330
02.11.2024 17:24:58 Загружен файл D:\__SWITCH\Flows\SI2\Hotfolders\Outgoing\AsystemJsonImport\TCS\557315-347918-q1-tFSP_LST-JSN.json
02.11.2024 17:25:29 По файлу 12165369 создан заказ 12165384
02.11.2024 17:25:29 Загружен файл D:\__SWITCH\Flows\SI2\Hotfolders\Outgoing\AsystemJsonImport\TCS\557316-347918-q1-tFSP_LST-JSN.json
02.11.2024 17:26:01 По файлу 12165423 создан заказ 12165438
02.11.2024 17:26:01 Загружен файл D:\__SWITCH\Flows\SI2\Hotfolders\Outgoing\AsystemJsonImport\TCS\557317-347918-q1-tFSP_LST-JSN.json
02.11.2024 17:26:34 По файлу 12165477 создан заказ 12165492
02.11.2024 17:26:34 Загружен файл D:\__SWITCH\Flows\SI2\Hotfolders\Outgoing\AsystemJsonImport\TCS\557319-347918-q1-tFSP_LST-JSN.json
02.11.2024 17:26:39 Завершение работы модуля
19.11.2024 11:55:13 Начало работы модуля
19.11.2024 11:55:46 По файлу 12234835 создан заказ 12234850
19.11.2024 11:55:46 Загружен файл D:\__SWITCH\Flows\SI2\Hotfolders\Outgoing\AsystemJsonImport\TCS\562133-350928-q1-tFSP_LST-JSN.json
19.11.2024 11:55:51 Завершение работы модуля
26.11.2024 16:13:37 Начало работы модуля
26.11.2024 16:14:10 По файлу 12414839 создан заказ 12414854
26.11.2024 16:14:10 Загружен файл D:\__SWITCH\Flows\SI2\Hotfolders\Outgoing\AsystemJsonImport\TCS\5624441-351103-q1-tFSP_LST-JSN.json
26.11.2024 16:14:42 По файлу 12414899 создан заказ 12414914
26.11.2024 16:14:42 Загружен файл D:\__SWITCH\Flows\SI2\Hotfolders\Outgoing\AsystemJsonImport\TCS\5624442-351103-q1-tFSP_LST-JSN.json
26.11.2024 16:14:47 Завершение работы модуля
29.11.2024 16:26:30 Начало работы модуля
29.11.2024 16:27:04 По файлу 12476724 создан заказ 12476739
29.11.2024 16:27:04 Загружен файл D:\__SWITCH\Flows\SI2\Hotfolders\Outgoing\AsystemJsonImport\TCS\565087-352608-q1-tFSP_LST-JSN.json
29.11.2024 16:27:09 Завершение работы модуля
29.11.2024 16:51:32 Начало работы модуля
29.11.2024 16:52:02 По файлу 12477033 создан заказ 12477048
29.11.2024 16:52:02 Загружен файл D:\__SWITCH\Flows\SI2\Hotfolders\Outgoing\AsystemJsonImport\TCS\564940-352512-q1-tFSP_LST-JSN.json
29.11.2024 16:52:07 Завершение работы модуля
29.11.2024 17:01:32 Начало работы модуля
29.11.2024 17:02:02 По файлу 12477093 создан заказ 12477108
29.11.2024 17:02:02 Загружен файл D:\__SWITCH\Flows\SI2\Hotfolders\Outgoing\AsystemJsonImport\TCS\565240-352688-q1-tFSP_LST-JSN.json
29.11.2024 17:02:07 Завершение работы модуля
29.11.2024 17:06:33 Начало работы модуля
29.11.2024 17:07:02 По файлу 12477153 создан заказ 12477168
29.11.2024 17:07:02 Загружен файл D:\__SWITCH\Flows\SI2\Hotfolders\Outgoing\AsystemJsonImport\TCS\565239-352688-q1-tFSP_LST-JSN.json
29.11.2024 17:07:07 Завершение работы модуля
30.11.2024 14:33:47 Начало работы модуля
30.11.2024 14:34:21 По файлу 12479078 создан заказ 12479093
30.11.2024 14:34:21 Загружен файл D:\__SWITCH\Flows\SI2\Hotfolders\Outgoing\AsystemJsonImport\TCS\565376-352783-q1-tFSP_LST-JSN.json
30.11.2024 14:34:26 Завершение работы модуля
